<?xml version="1.0" encoding="UTF-8"?>
<!-- Generated by org.testng.reporters.JUnitReportReporter -->
<testsuite hostname="LAPTOP-DG8G23UU" failures="0" tests="7" name="prashantbhakuni.Test.demo" time="6.088" errors="0" timestamp="2024-06-01T15:38:49 IST" skipped="0">
  <testcase classname="prashantbhakuni.Test.demo" name="contextMenu" time="0.433"/>
  <testcase classname="prashantbhakuni.Test.demo" name="digestAuthentication" time="0.547"/>
  <testcase classname="prashantbhakuni.Test.demo" name="basicAuth" time="0.557"/>
  <testcase classname="prashantbhakuni.Test.demo" name="challengingDOM" time="0.331"/>
  <testcase classname="prashantbhakuni.Test.demo" name="brokenImage" time="0.593"/>
  <testcase classname="prashantbhakuni.Test.demo" name="checkBoxes" time="0.331"/>
  <testcase classname="prashantbhakuni.Test.demo" name="addRemove" time="3.296"/>
</testsuite> <!-- prashantbhakuni.Test.demo -->
