<?xml version="1.0" encoding="UTF-8"?>
<!-- Generated by org.testng.reporters.JUnitReportReporter -->
<testsuite hostname="LAPTOP-DG8G23UU" failures="0" tests="1" name="prashantbhakuni.Test.ChallengingDOMTest" time="6.771" errors="0" timestamp="2024-06-01T15:43:57 IST" skipped="0">
  <testcase classname="prashantbhakuni.Test.ChallengingDOMTest" name="challengingDom" time="6.771"/>
</testsuite> <!-- prashantbhakuni.Test.ChallengingDOMTest -->
