<?xml version="1.0" encoding="UTF-8"?>
<!-- Generated by org.testng.reporters.JUnitReportReporter -->
<testsuite hostname="LAPTOP-DG8G23UU" failures="0" tests="1" name="prashantbhakuni.Test.DisappearingElementsTest" time="8.037" errors="0" timestamp="2024-06-09T12:15:42 IST" skipped="0">
  <testcase classname="prashantbhakuni.Test.DisappearingElementsTest" name="disappearingElementsTest" time="8.037"/>
</testsuite> <!-- prashantbhakuni.Test.DisappearingElementsTest -->
