<?xml version="1.0" encoding="UTF-8"?>
<!-- Generated by org.testng.reporters.JUnitReportReporter -->
<testsuite hostname="LAPTOP-DG8G23UU" failures="0" tests="1" name="prashantbhakuni.Test.BrokenImagesTest" time="8.988" errors="0" timestamp="2024-06-15T18:13:15 IST" skipped="0">
  <testcase classname="prashantbhakuni.Test.BrokenImagesTest" name="brokenImages" time="8.988"/>
</testsuite> <!-- prashantbhakuni.Test.BrokenImagesTest -->
