<?xml version="1.0" encoding="UTF-8"?>
<!-- Generated by org.testng.reporters.JUnitReportReporter -->
<testsuite hostname="LAPTOP-DG8G23UU" failures="0" tests="1" name="prashantbhakuni.Test.CheckboxesTest" time="7.911" errors="0" timestamp="2024-06-09T09:57:40 IST" skipped="0">
  <testcase classname="prashantbhakuni.Test.CheckboxesTest" name="checkboxes" time="7.911"/>
</testsuite> <!-- prashantbhakuni.Test.CheckboxesTest -->
