<?xml version="1.0" encoding="UTF-8"?>
<!-- Generated by org.testng.reporters.JUnitReportReporter -->
<testsuite hostname="LAPTOP-DG8G23UU" failures="0" tests="1" name="prashantbhakuni.Test.DragAndDropest" time="6.281" errors="0" timestamp="2024-06-03T19:09:28 IST" skipped="0">
  <testcase classname="prashantbhakuni.Test.DragAndDropest" name="dragAndDrop" time="6.281"/>
</testsuite> <!-- prashantbhakuni.Test.DragAndDropest -->
