<?xml version="1.0" encoding="UTF-8"?>
<!-- Generated by org.testng.reporters.JUnitReportReporter -->
<testsuite hostname="LAPTOP-DG8G23UU" failures="0" tests="2" name="prashantbhakuni.Test.DynamicLoadingTest" time="45.064" errors="0" timestamp="2024-06-15T18:13:15 IST" skipped="0">
  <testcase classname="prashantbhakuni.Test.DynamicLoadingTest" name="loadingForExample2" time="27.422"/>
  <testcase classname="prashantbhakuni.Test.DynamicLoadingTest" name="loadingForExample1" time="17.642"/>
</testsuite> <!-- prashantbhakuni.Test.DynamicLoadingTest -->
