<?xml version="1.0" encoding="UTF-8"?>
<!-- Generated by org.testng.reporters.JUnitReportReporter -->
<testsuite hostname="LAPTOP-DG8G23UU" failures="0" tests="2" name="prashantbhakuni.Test.FramesTest" time="27.319" errors="0" timestamp="2024-06-15T18:13:15 IST" skipped="0">
  <testcase classname="prashantbhakuni.Test.FramesTest" name="iFrame" time="19.496"/>
  <testcase classname="prashantbhakuni.Test.FramesTest" name="nestedFrames" time="7.823"/>
</testsuite> <!-- prashantbhakuni.Test.FramesTest -->
