<?xml version="1.0" encoding="UTF-8"?>
<!-- Generated by org.testng.reporters.JUnitReportReporter -->
<testsuite hostname="LAPTOP-DG8G23UU" failures="0" tests="1" name="prashantbhakuni.Test.DragAndDropTest" time="7.362" errors="0" timestamp="2024-06-09T09:57:40 IST" skipped="0">
  <testcase classname="prashantbhakuni.Test.DragAndDropTest" name="dragAndDrop" time="7.362"/>
</testsuite> <!-- prashantbhakuni.Test.DragAndDropTest -->
