<?xml version="1.0" encoding="UTF-8"?>
<!-- Generated by org.testng.reporters.JUnitReportReporter -->
<testsuite hostname="LAPTOP-DG8G23UU" failures="0" tests="1" name="prashantbhakuni.Test.ExitIntentTest" time="9.316" errors="0" timestamp="2024-06-15T18:21:15 IST" skipped="0">
  <testcase classname="prashantbhakuni.Test.ExitIntentTest" name="exitIntentTest" time="9.316"/>
</testsuite> <!-- prashantbhakuni.Test.ExitIntentTest -->
