<?xml version="1.0" encoding="UTF-8"?>
<!-- Generated by org.testng.reporters.JUnitReportReporter -->
<testsuite hostname="LAPTOP-DG8G23UU" failures="0" tests="1" name="prashantbhakuni.Test.DynamicControlsTest" time="17.858" errors="0" timestamp="2024-06-09T12:15:42 IST" skipped="0">
  <testcase classname="prashantbhakuni.Test.DynamicControlsTest" name="dynamicControls" time="17.858"/>
</testsuite> <!-- prashantbhakuni.Test.DynamicControlsTest -->
