<?xml version="1.0" encoding="UTF-8"?>
<!-- Generated by org.testng.reporters.JUnitReportReporter -->
<testsuite hostname="LAPTOP-DG8G23UU" failures="0" tests="1" name="prashantbhakuni.Test.HoversTest" time="52.930" errors="0" timestamp="2024-06-15T18:21:15 IST" skipped="0">
  <testcase classname="prashantbhakuni.Test.HoversTest" name="hoverTest" time="52.930"/>
</testsuite> <!-- prashantbhakuni.Test.HoversTest -->
