<?xml version="1.0" encoding="UTF-8"?>
<!-- Generated by org.testng.reporters.JUnitReportReporter -->
<testsuite hostname="LAPTOP-DG8G23UU" failures="0" tests="2" name="prashantbhakuni.Test.DynamicLoadingTest" time="47.997" errors="0" timestamp="2024-06-09T12:15:42 IST" skipped="0">
  <testcase classname="prashantbhakuni.Test.DynamicLoadingTest" name="loadingForExample2" time="25.608"/>
  <testcase classname="prashantbhakuni.Test.DynamicLoadingTest" name="loadingForExample1" time="22.389"/>
</testsuite> <!-- prashantbhakuni.Test.DynamicLoadingTest -->
