<?xml version="1.0" encoding="UTF-8"?>
<!-- Generated by org.testng.reporters.JUnitReportReporter -->
<testsuite hostname="LAPTOP-DG8G23UU" failures="0" tests="1" name="prashantbhakuni.Test.ExitIntentTest" time="5.988" errors="0" timestamp="2024-06-09T12:16:51 IST" skipped="0">
  <testcase classname="prashantbhakuni.Test.ExitIntentTest" name="exitIntentTest" time="5.988"/>
</testsuite> <!-- prashantbhakuni.Test.ExitIntentTest -->
