<?xml version="1.0" encoding="UTF-8"?>
<!-- Generated by org.testng.reporters.JUnitReportReporter -->
<testsuite hostname="LAPTOP-DG8G23UU" failures="0" tests="1" name="prashantbhakuni.Test.DynamicControlsTest" time="18.237" errors="0" timestamp="2024-06-09T09:57:40 IST" skipped="0">
  <testcase classname="prashantbhakuni.Test.DynamicControlsTest" name="dynamicControls" time="18.237"/>
</testsuite> <!-- prashantbhakuni.Test.DynamicControlsTest -->
