<?xml version="1.0" encoding="UTF-8"?>
<!-- Generated by org.testng.reporters.JUnitReportReporter -->
<testsuite hostname="LAPTOP-DG8G23UU" failures="0" tests="1" name="prashantbhakuni.Test.BasicAuthTest" time="6.273" errors="0" timestamp="2024-06-01T15:43:57 IST" skipped="0">
  <testcase classname="prashantbhakuni.Test.BasicAuthTest" name="basicAuth" time="6.273"/>
</testsuite> <!-- prashantbhakuni.Test.BasicAuthTest -->
