<?xml version="1.0" encoding="UTF-8"?>
<!-- Generated by org.testng.reporters.JUnitReportReporter -->
<testsuite hostname="LAPTOP-DG8G23UU" failures="0" tests="2" name="prashantbhakuni.Test.FramesTest" time="26.261" errors="0" timestamp="2024-06-13T19:47:52 IST" skipped="0">
  <testcase classname="prashantbhakuni.Test.FramesTest" name="iFrame" time="18.242"/>
  <testcase classname="prashantbhakuni.Test.FramesTest" name="nestedFrames" time="8.019"/>
</testsuite> <!-- prashantbhakuni.Test.FramesTest -->
