<?xml version="1.0" encoding="UTF-8"?>
<!-- Generated by org.testng.reporters.JUnitReportReporter -->
<testsuite hostname="LAPTOP-DG8G23UU" failures="0" tests="1" name="prashantbhakuni.Test.DragAndDropTest" time="9.853" errors="0" timestamp="2024-06-09T08:18:56 IST" skipped="0">
  <testcase classname="prashantbhakuni.Test.DragAndDropTest" name="dragAndDrop" time="9.853"/>
</testsuite> <!-- prashantbhakuni.Test.DragAndDropTest -->
