<?xml version="1.0" encoding="UTF-8"?>
<!-- Generated by org.testng.reporters.JUnitReportReporter -->
<testsuite hostname="LAPTOP-DG8G23UU" failures="0" tests="1" name="prashantbhakuni.Test.AddRemoveTest" time="6.592" errors="0" timestamp="2024-06-01T17:17:18 IST" skipped="0">
  <testcase classname="prashantbhakuni.Test.AddRemoveTest" name="addRemove" time="6.592"/>
</testsuite> <!-- prashantbhakuni.Test.AddRemoveTest -->
