<?xml version="1.0" encoding="UTF-8"?>
<!-- Generated by org.testng.reporters.JUnitReportReporter -->
<testsuite hostname="LAPTOP-DG8G23UU" failures="0" tests="2" name="prashantbhakuni.Test.DynamicLoadingTest" time="46.706" errors="0" timestamp="2024-06-09T08:18:56 IST" skipped="0">
  <testcase classname="prashantbhakuni.Test.DynamicLoadingTest" name="loadingForExample1" time="18.399"/>
  <testcase classname="prashantbhakuni.Test.DynamicLoadingTest" name="loadingForExample2" time="28.307"/>
</testsuite> <!-- prashantbhakuni.Test.DynamicLoadingTest -->
