<?xml version="1.0" encoding="UTF-8"?>
<!-- Generated by org.testng.reporters.JUnitReportReporter -->
<testsuite hostname="LAPTOP-DG8G23UU" failures="0" tests="1" name="prashantbhakuni.Test.BrokenImagesTest" time="11.374" errors="0" timestamp="2024-06-09T08:18:56 IST" skipped="0">
  <testcase classname="prashantbhakuni.Test.BrokenImagesTest" name="brokenImages" time="11.374"/>
</testsuite> <!-- prashantbhakuni.Test.BrokenImagesTest -->
