<?xml version="1.0" encoding="UTF-8"?>
<!-- Generated by org.testng.reporters.JUnitReportReporter -->
<testsuite hostname="LAPTOP-DG8G23UU" failures="0" tests="1" name="prashantbhakuni.Test.ChallengingDOMTest" time="9.791" errors="0" timestamp="2024-06-13T19:47:52 IST" skipped="0">
  <testcase classname="prashantbhakuni.Test.ChallengingDOMTest" name="challengingDom" time="9.791"/>
</testsuite> <!-- prashantbhakuni.Test.ChallengingDOMTest -->
