<?xml version="1.0" encoding="UTF-8"?>
<!-- Generated by org.testng.reporters.JUnitReportReporter -->
<testsuite hostname="LAPTOP-DG8G23UU" failures="0" tests="1" name="prashantbhakuni.Test.ExitIntentTest" time="7.583" errors="0" timestamp="2024-06-13T19:52:14 IST" skipped="0">
  <testcase classname="prashantbhakuni.Test.ExitIntentTest" name="exitIntentTest" time="7.583"/>
</testsuite> <!-- prashantbhakuni.Test.ExitIntentTest -->
