<?xml version="1.0" encoding="UTF-8"?>
<!-- Generated by org.testng.reporters.JUnitReportReporter -->
<testsuite hostname="LAPTOP-DG8G23UU" failures="0" tests="1" name="prashantbhakuni.Test.DigestAuthenticationTest" time="7.451" errors="0" timestamp="2024-06-13T19:47:52 IST" skipped="0">
  <testcase classname="prashantbhakuni.Test.DigestAuthenticationTest" name="basicAuth" time="7.451"/>
</testsuite> <!-- prashantbhakuni.Test.DigestAuthenticationTest -->
