<?xml version="1.0" encoding="UTF-8"?>
<!-- Generated by org.testng.reporters.JUnitReportReporter -->
<testsuite hostname="LAPTOP-DG8G23UU" failures="0" tests="2" name="prashantbhakuni.Test.DynamicLoadingTest" time="46.004" errors="0" timestamp="2024-06-13T19:47:52 IST" skipped="0">
  <testcase classname="prashantbhakuni.Test.DynamicLoadingTest" name="loadingForExample2" time="27.763"/>
  <testcase classname="prashantbhakuni.Test.DynamicLoadingTest" name="loadingForExample1" time="18.241"/>
</testsuite> <!-- prashantbhakuni.Test.DynamicLoadingTest -->
