<?xml version="1.0" encoding="UTF-8"?>
<!-- Generated by org.testng.reporters.JUnitReportReporter -->
<testsuite hostname="LAPTOP-DG8G23UU" failures="0" tests="1" name="prashantbhakuni.Test.DigestAuthenticationTest" time="12.090" errors="0" timestamp="2024-06-09T08:18:56 IST" skipped="0">
  <testcase classname="prashantbhakuni.Test.DigestAuthenticationTest" name="basicAuth" time="12.090"/>
</testsuite> <!-- prashantbhakuni.Test.DigestAuthenticationTest -->
